<?xml version="1.0" encoding="UTF-8"?>
<!-- Generated by org.testng.reporters.JUnitReportReporter -->
<testsuite hostname="kannans-w05" name="org.git.testng.TestNGExtend" tests="5" failures="0" timestamp="20 Jun 2017 17:08:31 GMT" time="0.013" errors="0">
  <testcase name="extendTest1" time="0.003" classname="org.git.testng.TestNGExtend"/>
  <testcase name="Bt" time="0.002" classname="org.git.testng.TestNGExtend"/>
  <testcase name="BasicTest2" time="0.004" classname="org.git.testng.TestNGExtend"/>
  <testcase name="BasicTest3" time="0.002" classname="org.git.testng.TestNGExtend"/>
  <testcase name="BasicTest1" time="0.002" classname="org.git.testng.TestNGExtend"/>
</testsuite> <!-- org.git.testng.TestNGExtend -->
