<?xml version="1.0" encoding="UTF-8"?>
<!-- Generated by org.testng.reporters.JUnitReportReporter -->
<testsuite hostname="kannans-laptop" name="org.git.testng.TestngSupport" tests="3" failures="0" timestamp="3 Nov 2016 01:55:56 GMT" time="0.009" errors="0">
  <testcase name="BasicTest2" time="0.001" classname="org.git.testng.TestngSupport"/>
  <testcase name="BasicTest3" time="0.001" classname="org.git.testng.TestngSupport"/>
  <testcase name="BasicTest1" time="0.007" classname="org.git.testng.TestngSupport"/>
</testsuite> <!-- org.git.testng.TestngSupport -->
