<?xml version="1.0" encoding="UTF-8"?>
<!-- Generated by org.testng.reporters.JUnitReportReporter -->
<testsuite hostname="kannans-laptop" name="org.git.testng.TestNGExtend" tests="4" failures="0" timestamp="3 Nov 2016 02:18:34 GMT" time="0.000" errors="0">
  <testcase name="BasicTest2" time="0.000" classname="org.git.testng.TestNGExtend"/>
  <testcase name="BasicTest3" time="0.000" classname="org.git.testng.TestNGExtend"/>
  <testcase name="BasicTest1" time="0.000" classname="org.git.testng.TestNGExtend"/>
  <testcase name="extendTest1" time="0.000" classname="org.git.testng.TestNGExtend"/>
</testsuite> <!-- org.git.testng.TestNGExtend -->
